-------------------------------------------------------------------------------
Test set: com.langportal.controller.WordControllerIntegrationTest
-------------------------------------------------------------------------------
Tests run: 1, Failures: 0, Errors: 1, Skipped: 0, Time elapsed: 2.199 s <<< FAILURE! - in com.langportal.controller.WordControllerIntegrationTest
testGetAllWords  Time elapsed: 0.021 s  <<< ERROR!
java.lang.IllegalStateException: Failed to load ApplicationContext
Caused by: org.springframework.beans.factory.support.BeanDefinitionOverrideException: Invalid bean definition with name 'vocabularyGenerator' defined in com.langportal.LangPortalApplication: Cannot register bean definition [Root bean: class [null]; scope=; abstract=false; lazyInit=null; autowireMode=3; dependencyCheck=0; autowireCandidate=true; primary=false; factoryBeanName=langPortalApplication; factoryMethodName=vocabularyGenerator; initMethodName=null; destroyMethodName=(inferred); defined in com.langportal.LangPortalApplication] for bean 'vocabularyGenerator': There is already [Generic bean: class [com.langportal.VocabularyGenerator]; scope=singleton; abstract=false; lazyInit=null; autowireMode=0; dependencyCheck=0; autowireCandidate=true; primary=false; factoryBeanName=null; factoryMethodName=null; initMethodName=null; destroyMethodName=null; defined in file [C:\Users\ameli\projects\free-genai-bootcamp-2025\lang-portal\backend-java\target\classes\com\langportal\VocabularyGenerator.class]] bound.

